-- The C compiler identification is GNU 11.4.0
-- The CXX compiler identification is GNU 11.4.0
-- Detecting C compiler ABI info
-- Detecting C compiler ABI info - done
-- Check for working C compiler: /usr/bin/cc - skipped
-- Detecting C compile features
-- Detecting C compile features - done
-- Detecting CXX compiler ABI info
-- Detecting CXX compiler ABI info - done
-- Check for working CXX compiler: /usr/bin/c++ - skipped
-- Detecting CXX compile features
-- Detecting CXX compile features - done
-- Found ament_cmake: 1.3.12 (/opt/ros/humble/share/ament_cmake/cmake)
-- Found Python3: /usr/bin/python3 (found version "3.10.12") found components: Interpreter 
-- Configuring done
-- Generating done
-- Build files have been written to: /home/moon/arm_ws/build/robotic_arm_6dof
-- Found ament_cmake: 1.3.12 (/opt/ros/humble/share/ament_cmake/cmake)
-- Configuring done
-- Generating done
-- Build files have been written to: /home/moon/arm_ws/build/robotic_arm_6dof
-- Install configuration: ""
-- Installing: /home/moon/arm_ws/install/robotic_arm_6dof/share/robotic_arm_6dof/config
-- Installing: /home/moon/arm_ws/install/robotic_arm_6dof/share/robotic_arm_6dof/config/joint_names_robotic_arm_6dof.yaml
-- Installing: /home/moon/arm_ws/install/robotic_arm_6dof/share/robotic_arm_6dof/launch
-- Installing: /home/moon/arm_ws/install/robotic_arm_6dof/share/robotic_arm_6dof/launch/display.launch.py
-- Installing: /home/moon/arm_ws/install/robotic_arm_6dof/share/robotic_arm_6dof/meshes
-- Installing: /home/moon/arm_ws/install/robotic_arm_6dof/share/robotic_arm_6dof/meshes/gear_right.STL
-- Installing: /home/moon/arm_ws/install/robotic_arm_6dof/share/robotic_arm_6dof/meshes/elbow_Link.STL
-- Installing: /home/moon/arm_ws/install/robotic_arm_6dof/share/robotic_arm_6dof/meshes/base_rotator.STL
-- Installing: /home/moon/arm_ws/install/robotic_arm_6dof/share/robotic_arm_6dof/meshes/wrist_Link.STL
-- Installing: /home/moon/arm_ws/install/robotic_arm_6dof/share/robotic_arm_6dof/meshes/finger_left.STL
-- Installing: /home/moon/arm_ws/install/robotic_arm_6dof/share/robotic_arm_6dof/meshes/anchor_left.STL
-- Installing: /home/moon/arm_ws/install/robotic_arm_6dof/share/robotic_arm_6dof/meshes/shoulder_link.STL
-- Installing: /home/moon/arm_ws/install/robotic_arm_6dof/share/robotic_arm_6dof/meshes/base_link.STL
-- Installing: /home/moon/arm_ws/install/robotic_arm_6dof/share/robotic_arm_6dof/meshes/anchor_right.STL
-- Installing: /home/moon/arm_ws/install/robotic_arm_6dof/share/robotic_arm_6dof/meshes/end_base.STL
-- Installing: /home/moon/arm_ws/install/robotic_arm_6dof/share/robotic_arm_6dof/meshes/gear_left.STL
-- Installing: /home/moon/arm_ws/install/robotic_arm_6dof/share/robotic_arm_6dof/meshes/finger_right.STL
-- Installing: /home/moon/arm_ws/install/robotic_arm_6dof/share/robotic_arm_6dof/urdf
-- Installing: /home/moon/arm_ws/install/robotic_arm_6dof/share/robotic_arm_6dof/urdf/robotic_arm_6dof.csv
-- Installing: /home/moon/arm_ws/install/robotic_arm_6dof/share/robotic_arm_6dof/urdf/robotic_arm_6dof.urdf
-- Installing: /home/moon/arm_ws/install/robotic_arm_6dof/share/robotic_arm_6dof/rviz
-- Installing: /home/moon/arm_ws/install/robotic_arm_6dof/share/robotic_arm_6dof/rviz/config.rviz
-- Installing: /home/moon/arm_ws/install/robotic_arm_6dof/share/ament_index/resource_index/package_run_dependencies/robotic_arm_6dof
-- Installing: /home/moon/arm_ws/install/robotic_arm_6dof/share/ament_index/resource_index/parent_prefix_path/robotic_arm_6dof
-- Installing: /home/moon/arm_ws/install/robotic_arm_6dof/share/robotic_arm_6dof/environment/ament_prefix_path.sh
-- Installing: /home/moon/arm_ws/install/robotic_arm_6dof/share/robotic_arm_6dof/environment/ament_prefix_path.dsv
-- Installing: /home/moon/arm_ws/install/robotic_arm_6dof/share/robotic_arm_6dof/environment/path.sh
-- Installing: /home/moon/arm_ws/install/robotic_arm_6dof/share/robotic_arm_6dof/environment/path.dsv
-- Installing: /home/moon/arm_ws/install/robotic_arm_6dof/share/robotic_arm_6dof/local_setup.bash
-- Installing: /home/moon/arm_ws/install/robotic_arm_6dof/share/robotic_arm_6dof/local_setup.sh
-- Installing: /home/moon/arm_ws/install/robotic_arm_6dof/share/robotic_arm_6dof/local_setup.zsh
-- Installing: /home/moon/arm_ws/install/robotic_arm_6dof/share/robotic_arm_6dof/local_setup.dsv
-- Installing: /home/moon/arm_ws/install/robotic_arm_6dof/share/robotic_arm_6dof/package.dsv
-- Installing: /home/moon/arm_ws/install/robotic_arm_6dof/share/ament_index/resource_index/packages/robotic_arm_6dof
-- Installing: /home/moon/arm_ws/install/robotic_arm_6dof/share/robotic_arm_6dof/cmake/robotic_arm_6dofConfig.cmake
-- Installing: /home/moon/arm_ws/install/robotic_arm_6dof/share/robotic_arm_6dof/cmake/robotic_arm_6dofConfig-version.cmake
-- Installing: /home/moon/arm_ws/install/robotic_arm_6dof/share/robotic_arm_6dof/package.xml
