[0.081s] Invoking command in '/home/moon/arm_ws/build/robotic_arm_6dof': CMAKE_PREFIX_PATH=/home/moon/Downloads/panorama_ws/install/gazebo_panorama:/opt/ros/humble /usr/bin/cmake /home/moon/arm_ws/src/robotic_arm_6dof -DCMAKE_INSTALL_PREFIX=/home/moon/arm_ws/install/robotic_arm_6dof
[1.825s] -- The C compiler identification is GNU 11.4.0
[3.211s] -- The CXX compiler identification is GNU 11.4.0
[3.287s] -- Detecting C compiler ABI info
[4.017s] -- Detecting C compiler ABI info - done
[4.044s] -- Check for working C compiler: /usr/bin/cc - skipped
[4.047s] -- Detecting C compile features
[4.057s] -- Detecting C compile features - done
[4.085s] -- Detecting CXX compiler ABI info
[4.867s] -- Detecting CXX compiler ABI info - done
[4.890s] -- Check for working CXX compiler: /usr/bin/c++ - skipped
[4.892s] -- Detecting CXX compile features
[4.894s] -- Detecting CXX compile features - done
[5.090s] -- Found ament_cmake: 1.3.12 (/opt/ros/humble/share/ament_cmake/cmake)
[5.979s] -- Found Python3: /usr/bin/python3 (found version "3.10.12") found components: Interpreter 
[7.068s] -- Configuring done
[7.080s] -- Generating done
[7.092s] -- Build files have been written to: /home/moon/arm_ws/build/robotic_arm_6dof
[7.123s] Invoked command in '/home/moon/arm_ws/build/robotic_arm_6dof' returned '0': CMAKE_PREFIX_PATH=/home/moon/Downloads/panorama_ws/install/gazebo_panorama:/opt/ros/humble /usr/bin/cmake /home/moon/arm_ws/src/robotic_arm_6dof -DCMAKE_INSTALL_PREFIX=/home/moon/arm_ws/install/robotic_arm_6dof
[7.134s] Invoking command in '/home/moon/arm_ws/build/robotic_arm_6dof': CMAKE_PREFIX_PATH=/home/moon/Downloads/panorama_ws/install/gazebo_panorama:/opt/ros/humble /usr/bin/cmake --build /home/moon/arm_ws/build/robotic_arm_6dof -- -j4 -l4
[7.310s] -- Found ament_cmake: 1.3.12 (/opt/ros/humble/share/ament_cmake/cmake)
[8.870s] -- Configuring done
[8.890s] -- Generating done
[8.902s] -- Build files have been written to: /home/moon/arm_ws/build/robotic_arm_6dof
[9.065s] Invoked command in '/home/moon/arm_ws/build/robotic_arm_6dof' returned '0': CMAKE_PREFIX_PATH=/home/moon/Downloads/panorama_ws/install/gazebo_panorama:/opt/ros/humble /usr/bin/cmake --build /home/moon/arm_ws/build/robotic_arm_6dof -- -j4 -l4
[9.131s] Invoking command in '/home/moon/arm_ws/build/robotic_arm_6dof': CMAKE_PREFIX_PATH=/home/moon/Downloads/panorama_ws/install/gazebo_panorama:/opt/ros/humble /usr/bin/cmake --install /home/moon/arm_ws/build/robotic_arm_6dof
[9.197s] -- Install configuration: ""
[9.199s] -- Installing: /home/moon/arm_ws/install/robotic_arm_6dof/share/robotic_arm_6dof/config
[9.204s] -- Installing: /home/moon/arm_ws/install/robotic_arm_6dof/share/robotic_arm_6dof/config/joint_names_robotic_arm_6dof.yaml
[9.204s] -- Installing: /home/moon/arm_ws/install/robotic_arm_6dof/share/robotic_arm_6dof/launch
[9.205s] -- Installing: /home/moon/arm_ws/install/robotic_arm_6dof/share/robotic_arm_6dof/launch/display.launch.py
[9.206s] -- Installing: /home/moon/arm_ws/install/robotic_arm_6dof/share/robotic_arm_6dof/meshes
[9.207s] -- Installing: /home/moon/arm_ws/install/robotic_arm_6dof/share/robotic_arm_6dof/meshes/gear_right.STL
[9.222s] -- Installing: /home/moon/arm_ws/install/robotic_arm_6dof/share/robotic_arm_6dof/meshes/elbow_Link.STL
[9.387s] -- Installing: /home/moon/arm_ws/install/robotic_arm_6dof/share/robotic_arm_6dof/meshes/base_rotator.STL
[9.525s] -- Installing: /home/moon/arm_ws/install/robotic_arm_6dof/share/robotic_arm_6dof/meshes/wrist_Link.STL
[9.752s] -- Installing: /home/moon/arm_ws/install/robotic_arm_6dof/share/robotic_arm_6dof/meshes/finger_left.STL
[9.837s] -- Installing: /home/moon/arm_ws/install/robotic_arm_6dof/share/robotic_arm_6dof/meshes/anchor_left.STL
[9.840s] -- Installing: /home/moon/arm_ws/install/robotic_arm_6dof/share/robotic_arm_6dof/meshes/shoulder_link.STL
[10.057s] -- Installing: /home/moon/arm_ws/install/robotic_arm_6dof/share/robotic_arm_6dof/meshes/base_link.STL
[10.780s] -- Installing: /home/moon/arm_ws/install/robotic_arm_6dof/share/robotic_arm_6dof/meshes/anchor_right.STL
[10.781s] -- Installing: /home/moon/arm_ws/install/robotic_arm_6dof/share/robotic_arm_6dof/meshes/end_base.STL
[11.087s] -- Installing: /home/moon/arm_ws/install/robotic_arm_6dof/share/robotic_arm_6dof/meshes/gear_left.STL
[11.091s] -- Installing: /home/moon/arm_ws/install/robotic_arm_6dof/share/robotic_arm_6dof/meshes/finger_right.STL
[11.173s] -- Installing: /home/moon/arm_ws/install/robotic_arm_6dof/share/robotic_arm_6dof/urdf
[11.177s] -- Installing: /home/moon/arm_ws/install/robotic_arm_6dof/share/robotic_arm_6dof/urdf/robotic_arm_6dof.csv
[11.177s] -- Installing: /home/moon/arm_ws/install/robotic_arm_6dof/share/robotic_arm_6dof/urdf/robotic_arm_6dof.urdf
[11.180s] -- Installing: /home/moon/arm_ws/install/robotic_arm_6dof/share/robotic_arm_6dof/rviz
[11.180s] -- Installing: /home/moon/arm_ws/install/robotic_arm_6dof/share/robotic_arm_6dof/rviz/config.rviz
[11.183s] -- Installing: /home/moon/arm_ws/install/robotic_arm_6dof/share/ament_index/resource_index/package_run_dependencies/robotic_arm_6dof
[11.184s] -- Installing: /home/moon/arm_ws/install/robotic_arm_6dof/share/ament_index/resource_index/parent_prefix_path/robotic_arm_6dof
[11.186s] -- Installing: /home/moon/arm_ws/install/robotic_arm_6dof/share/robotic_arm_6dof/environment/ament_prefix_path.sh
[11.187s] -- Installing: /home/moon/arm_ws/install/robotic_arm_6dof/share/robotic_arm_6dof/environment/ament_prefix_path.dsv
[11.192s] -- Installing: /home/moon/arm_ws/install/robotic_arm_6dof/share/robotic_arm_6dof/environment/path.sh
[11.201s] -- Installing: /home/moon/arm_ws/install/robotic_arm_6dof/share/robotic_arm_6dof/environment/path.dsv
[11.201s] -- Installing: /home/moon/arm_ws/install/robotic_arm_6dof/share/robotic_arm_6dof/local_setup.bash
[11.201s] -- Installing: /home/moon/arm_ws/install/robotic_arm_6dof/share/robotic_arm_6dof/local_setup.sh
[11.202s] -- Installing: /home/moon/arm_ws/install/robotic_arm_6dof/share/robotic_arm_6dof/local_setup.zsh
[11.202s] -- Installing: /home/moon/arm_ws/install/robotic_arm_6dof/share/robotic_arm_6dof/local_setup.dsv
[11.205s] -- Installing: /home/moon/arm_ws/install/robotic_arm_6dof/share/robotic_arm_6dof/package.dsv
[11.205s] -- Installing: /home/moon/arm_ws/install/robotic_arm_6dof/share/ament_index/resource_index/packages/robotic_arm_6dof
[11.206s] -- Installing: /home/moon/arm_ws/install/robotic_arm_6dof/share/robotic_arm_6dof/cmake/robotic_arm_6dofConfig.cmake
[11.207s] -- Installing: /home/moon/arm_ws/install/robotic_arm_6dof/share/robotic_arm_6dof/cmake/robotic_arm_6dofConfig-version.cmake
[11.208s] -- Installing: /home/moon/arm_ws/install/robotic_arm_6dof/share/robotic_arm_6dof/package.xml
[11.217s] Invoked command in '/home/moon/arm_ws/build/robotic_arm_6dof' returned '0': CMAKE_PREFIX_PATH=/home/moon/Downloads/panorama_ws/install/gazebo_panorama:/opt/ros/humble /usr/bin/cmake --install /home/moon/arm_ws/build/robotic_arm_6dof
