[0.955s] DEBUG:colcon:Command line arguments: ['/usr/bin/colcon', 'build']
[0.956s] DEBUG:colcon:Parsed command line arguments: Namespace(log_base=None, log_level=None, verb_name='build', build_base='build', install_base='install', merge_install=False, symlink_install=False, test_result_base=None, continue_on_error=False, executor='parallel', parallel_workers=4, event_handlers=None, ignore_user_meta=False, metas=['./colcon.meta'], base_paths=['.'], packages_ignore=None, packages_ignore_regex=None, paths=None, packages_up_to=None, packages_up_to_regex=None, packages_above=None, packages_above_and_dependencies=None, packages_above_depth=None, packages_select_by_dep=None, packages_skip_by_dep=None, packages_skip_up_to=None, packages_select_build_failed=False, packages_skip_build_finished=False, packages_select_test_failures=False, packages_skip_test_passed=False, packages_select=None, packages_skip=None, packages_select_regex=None, packages_skip_regex=None, packages_start=None, packages_end=None, allow_overriding=[], cmake_args=None, cmake_target=None, cmake_target_skip_unavailable=False, cmake_clean_cache=False, cmake_clean_first=False, cmake_force_configure=False, ament_cmake_args=None, catkin_cmake_args=None, catkin_skip_building_tests=False, mixin_files=None, mixin=None, verb_parser=<colcon_mixin.mixin.mixin_argument.MixinArgumentDecorator object at 0x70f97d20f460>, verb_extension=<colcon_core.verb.build.BuildVerb object at 0x70f97d20edd0>, main=<bound method BuildVerb.main of <colcon_core.verb.build.BuildVerb object at 0x70f97d20edd0>>, mixin_verb=('build',))
[2.425s] Level 1:colcon.colcon_core.package_discovery:discover_packages(colcon_meta) check parameters
[2.425s] Level 1:colcon.colcon_core.package_discovery:discover_packages(recursive) check parameters
[2.425s] Level 1:colcon.colcon_core.package_discovery:discover_packages(ignore) check parameters
[2.425s] Level 1:colcon.colcon_core.package_discovery:discover_packages(path) check parameters
[2.426s] Level 1:colcon.colcon_core.package_discovery:discover_packages(colcon_meta) discover
[2.426s] Level 1:colcon.colcon_core.package_discovery:discover_packages(recursive) discover
[2.426s] INFO:colcon.colcon_core.package_discovery:Crawling recursively for packages in '/home/moon/arm_ws'
[2.426s] Level 1:colcon.colcon_core.package_identification:_identify(.) by extensions ['ignore', 'ignore_ament_install']
[2.428s] Level 1:colcon.colcon_core.package_identification:_identify(.) by extension 'ignore'
[2.428s] Level 1:colcon.colcon_core.package_identification:_identify(.) by extension 'ignore_ament_install'
[2.429s] Level 1:colcon.colcon_core.package_identification:_identify(.) by extensions ['colcon_pkg']
[2.429s] Level 1:colcon.colcon_core.package_identification:_identify(.) by extension 'colcon_pkg'
[2.429s] Level 1:colcon.colcon_core.package_identification:_identify(.) by extensions ['colcon_meta']
[2.429s] Level 1:colcon.colcon_core.package_identification:_identify(.) by extension 'colcon_meta'
[2.429s] Level 1:colcon.colcon_core.package_identification:_identify(.) by extensions ['ros']
[2.430s] Level 1:colcon.colcon_core.package_identification:_identify(.) by extension 'ros'
[2.830s] Level 1:colcon.colcon_core.package_identification:_identify(.) by extensions ['cmake', 'python']
[2.831s] Level 1:colcon.colcon_core.package_identification:_identify(.) by extension 'cmake'
[2.831s] Level 1:colcon.colcon_core.package_identification:_identify(.) by extension 'python'
[2.831s] Level 1:colcon.colcon_core.package_identification:_identify(.) by extensions ['python_setup_py']
[2.831s] Level 1:colcon.colcon_core.package_identification:_identify(.) by extension 'python_setup_py'
[2.832s] Level 1:colcon.colcon_core.package_identification:_identify(build) by extensions ['ignore', 'ignore_ament_install']
[2.833s] Level 1:colcon.colcon_core.package_identification:_identify(build) by extension 'ignore'
[2.833s] Level 1:colcon.colcon_core.package_identification:_identify(build) ignored
[2.833s] Level 1:colcon.colcon_core.package_identification:_identify(install) by extensions ['ignore', 'ignore_ament_install']
[2.835s] Level 1:colcon.colcon_core.package_identification:_identify(install) by extension 'ignore'
[2.835s] Level 1:colcon.colcon_core.package_identification:_identify(install) ignored
[2.835s] Level 1:colcon.colcon_core.package_identification:_identify(log) by extensions ['ignore', 'ignore_ament_install']
[2.836s] Level 1:colcon.colcon_core.package_identification:_identify(log) by extension 'ignore'
[2.836s] Level 1:colcon.colcon_core.package_identification:_identify(log) ignored
[2.836s] Level 1:colcon.colcon_core.package_identification:_identify(src) by extensions ['ignore', 'ignore_ament_install']
[2.836s] Level 1:colcon.colcon_core.package_identification:_identify(src) by extension 'ignore'
[2.837s] Level 1:colcon.colcon_core.package_identification:_identify(src) by extension 'ignore_ament_install'
[2.837s] Level 1:colcon.colcon_core.package_identification:_identify(src) by extensions ['colcon_pkg']
[2.837s] Level 1:colcon.colcon_core.package_identification:_identify(src) by extension 'colcon_pkg'
[2.837s] Level 1:colcon.colcon_core.package_identification:_identify(src) by extensions ['colcon_meta']
[2.837s] Level 1:colcon.colcon_core.package_identification:_identify(src) by extension 'colcon_meta'
[2.837s] Level 1:colcon.colcon_core.package_identification:_identify(src) by extensions ['ros']
[2.838s] Level 1:colcon.colcon_core.package_identification:_identify(src) by extension 'ros'
[2.838s] Level 1:colcon.colcon_core.package_identification:_identify(src) by extensions ['cmake', 'python']
[2.838s] Level 1:colcon.colcon_core.package_identification:_identify(src) by extension 'cmake'
[2.838s] Level 1:colcon.colcon_core.package_identification:_identify(src) by extension 'python'
[2.838s] Level 1:colcon.colcon_core.package_identification:_identify(src) by extensions ['python_setup_py']
[2.839s] Level 1:colcon.colcon_core.package_identification:_identify(src) by extension 'python_setup_py'
[2.839s] Level 1:colcon.colcon_core.package_identification:_identify(src/robotic_arm_6dof) by extensions ['ignore', 'ignore_ament_install']
[2.839s] Level 1:colcon.colcon_core.package_identification:_identify(src/robotic_arm_6dof) by extension 'ignore'
[2.839s] Level 1:colcon.colcon_core.package_identification:_identify(src/robotic_arm_6dof) by extension 'ignore_ament_install'
[2.840s] Level 1:colcon.colcon_core.package_identification:_identify(src/robotic_arm_6dof) by extensions ['colcon_pkg']
[2.840s] Level 1:colcon.colcon_core.package_identification:_identify(src/robotic_arm_6dof) by extension 'colcon_pkg'
[2.840s] Level 1:colcon.colcon_core.package_identification:_identify(src/robotic_arm_6dof) by extensions ['colcon_meta']
[2.840s] Level 1:colcon.colcon_core.package_identification:_identify(src/robotic_arm_6dof) by extension 'colcon_meta'
[2.840s] Level 1:colcon.colcon_core.package_identification:_identify(src/robotic_arm_6dof) by extensions ['ros']
[2.840s] Level 1:colcon.colcon_core.package_identification:_identify(src/robotic_arm_6dof) by extension 'ros'
[2.880s] DEBUG:colcon.colcon_core.package_identification:Package 'src/robotic_arm_6dof' with type 'ros.ament_cmake' and name 'robotic_arm_6dof'
[2.880s] Level 1:colcon.colcon_core.package_discovery:discover_packages(recursive) using defaults
[2.880s] Level 1:colcon.colcon_core.package_discovery:discover_packages(ignore) discover
[2.880s] Level 1:colcon.colcon_core.package_discovery:discover_packages(ignore) using defaults
[2.881s] Level 1:colcon.colcon_core.package_discovery:discover_packages(path) discover
[2.881s] Level 1:colcon.colcon_core.package_discovery:discover_packages(path) using defaults
[3.070s] Level 1:colcon.colcon_core.package_discovery:discover_packages(prefix_path) check parameters
[3.071s] Level 1:colcon.colcon_core.package_discovery:discover_packages(prefix_path) discover
[3.089s] DEBUG:colcon.colcon_installed_package_information.package_discovery:Found 1 installed packages in /home/moon/Downloads/panorama_ws/install
[3.108s] DEBUG:colcon.colcon_installed_package_information.package_discovery:Found 500 installed packages in /opt/ros/humble
[3.119s] Level 1:colcon.colcon_core.package_discovery:discover_packages(prefix_path) using defaults
[3.732s] Level 5:colcon.colcon_core.verb:set package 'robotic_arm_6dof' build argument 'cmake_args' from command line to 'None'
[3.732s] Level 5:colcon.colcon_core.verb:set package 'robotic_arm_6dof' build argument 'cmake_target' from command line to 'None'
[3.732s] Level 5:colcon.colcon_core.verb:set package 'robotic_arm_6dof' build argument 'cmake_target_skip_unavailable' from command line to 'False'
[3.733s] Level 5:colcon.colcon_core.verb:set package 'robotic_arm_6dof' build argument 'cmake_clean_cache' from command line to 'False'
[3.733s] Level 5:colcon.colcon_core.verb:set package 'robotic_arm_6dof' build argument 'cmake_clean_first' from command line to 'False'
[3.733s] Level 5:colcon.colcon_core.verb:set package 'robotic_arm_6dof' build argument 'cmake_force_configure' from command line to 'False'
[3.733s] Level 5:colcon.colcon_core.verb:set package 'robotic_arm_6dof' build argument 'ament_cmake_args' from command line to 'None'
[3.733s] Level 5:colcon.colcon_core.verb:set package 'robotic_arm_6dof' build argument 'catkin_cmake_args' from command line to 'None'
[3.733s] Level 5:colcon.colcon_core.verb:set package 'robotic_arm_6dof' build argument 'catkin_skip_building_tests' from command line to 'False'
[3.733s] DEBUG:colcon.colcon_core.verb:Building package 'robotic_arm_6dof' with the following arguments: {'ament_cmake_args': None, 'build_base': '/home/moon/arm_ws/build/robotic_arm_6dof', 'catkin_cmake_args': None, 'catkin_skip_building_tests': False, 'cmake_args': None, 'cmake_clean_cache': False, 'cmake_clean_first': False, 'cmake_force_configure': False, 'cmake_target': None, 'cmake_target_skip_unavailable': False, 'install_base': '/home/moon/arm_ws/install/robotic_arm_6dof', 'merge_install': False, 'path': '/home/moon/arm_ws/src/robotic_arm_6dof', 'symlink_install': False, 'test_result_base': None}
[3.734s] INFO:colcon.colcon_core.executor:Executing jobs using 'parallel' executor
[3.737s] DEBUG:colcon.colcon_parallel_executor.executor.parallel:run_until_complete
[3.743s] INFO:colcon.colcon_ros.task.ament_cmake.build:Building ROS package in '/home/moon/arm_ws/src/robotic_arm_6dof' with build type 'ament_cmake'
[3.743s] INFO:colcon.colcon_cmake.task.cmake.build:Building CMake package in '/home/moon/arm_ws/src/robotic_arm_6dof'
[3.760s] INFO:colcon.colcon_core.plugin_system:Skipping extension 'colcon_core.shell.bat': Not used on non-Windows systems
[3.761s] INFO:colcon.colcon_core.shell:Skip shell extension 'powershell' for command environment: Not usable outside of PowerShell
[3.761s] DEBUG:colcon.colcon_core.shell:Skip shell extension 'dsv' for command environment
[3.833s] DEBUG:colcon.colcon_core.event_handler.log_command:Invoking command in '/home/moon/arm_ws/build/robotic_arm_6dof': CMAKE_PREFIX_PATH=/home/moon/Downloads/panorama_ws/install/gazebo_panorama:/opt/ros/humble /usr/bin/cmake /home/moon/arm_ws/src/robotic_arm_6dof -DCMAKE_INSTALL_PREFIX=/home/moon/arm_ws/install/robotic_arm_6dof
[10.876s] DEBUG:colcon.colcon_core.event_handler.log_command:Invoked command in '/home/moon/arm_ws/build/robotic_arm_6dof' returned '0': CMAKE_PREFIX_PATH=/home/moon/Downloads/panorama_ws/install/gazebo_panorama:/opt/ros/humble /usr/bin/cmake /home/moon/arm_ws/src/robotic_arm_6dof -DCMAKE_INSTALL_PREFIX=/home/moon/arm_ws/install/robotic_arm_6dof
[10.886s] DEBUG:colcon.colcon_core.event_handler.log_command:Invoking command in '/home/moon/arm_ws/build/robotic_arm_6dof': CMAKE_PREFIX_PATH=/home/moon/Downloads/panorama_ws/install/gazebo_panorama:/opt/ros/humble /usr/bin/cmake --build /home/moon/arm_ws/build/robotic_arm_6dof -- -j4 -l4
[12.817s] DEBUG:colcon.colcon_core.event_handler.log_command:Invoked command in '/home/moon/arm_ws/build/robotic_arm_6dof' returned '0': CMAKE_PREFIX_PATH=/home/moon/Downloads/panorama_ws/install/gazebo_panorama:/opt/ros/humble /usr/bin/cmake --build /home/moon/arm_ws/build/robotic_arm_6dof -- -j4 -l4
[12.884s] DEBUG:colcon.colcon_core.event_handler.log_command:Invoking command in '/home/moon/arm_ws/build/robotic_arm_6dof': CMAKE_PREFIX_PATH=/home/moon/Downloads/panorama_ws/install/gazebo_panorama:/opt/ros/humble /usr/bin/cmake --install /home/moon/arm_ws/build/robotic_arm_6dof
[14.968s] Level 1:colcon.colcon_core.environment:create_environment_scripts_only(robotic_arm_6dof)
[14.970s] DEBUG:colcon.colcon_core.event_handler.log_command:Invoked command in '/home/moon/arm_ws/build/robotic_arm_6dof' returned '0': CMAKE_PREFIX_PATH=/home/moon/Downloads/panorama_ws/install/gazebo_panorama:/opt/ros/humble /usr/bin/cmake --install /home/moon/arm_ws/build/robotic_arm_6dof
[15.001s] Level 1:colcon.colcon_core.environment:checking '/home/moon/arm_ws/install/robotic_arm_6dof' for CMake module files
[15.004s] Level 1:colcon.colcon_core.environment:checking '/home/moon/arm_ws/install/robotic_arm_6dof' for CMake config files
[15.006s] Level 1:colcon.colcon_core.shell:create_environment_hook('robotic_arm_6dof', 'cmake_prefix_path')
[15.007s] INFO:colcon.colcon_core.shell:Creating environment hook '/home/moon/arm_ws/install/robotic_arm_6dof/share/robotic_arm_6dof/hook/cmake_prefix_path.ps1'
[15.010s] INFO:colcon.colcon_core.shell:Creating environment descriptor '/home/moon/arm_ws/install/robotic_arm_6dof/share/robotic_arm_6dof/hook/cmake_prefix_path.dsv'
[15.012s] INFO:colcon.colcon_core.shell:Creating environment hook '/home/moon/arm_ws/install/robotic_arm_6dof/share/robotic_arm_6dof/hook/cmake_prefix_path.sh'
[15.014s] Level 1:colcon.colcon_core.environment:checking '/home/moon/arm_ws/install/robotic_arm_6dof/bin'
[15.015s] Level 1:colcon.colcon_core.environment:checking '/home/moon/arm_ws/install/robotic_arm_6dof/lib/pkgconfig/robotic_arm_6dof.pc'
[15.015s] Level 1:colcon.colcon_core.environment:checking '/home/moon/arm_ws/install/robotic_arm_6dof/lib/python3.10/site-packages'
[15.018s] Level 1:colcon.colcon_core.environment:checking '/home/moon/arm_ws/install/robotic_arm_6dof/bin'
[15.019s] INFO:colcon.colcon_core.shell:Creating package script '/home/moon/arm_ws/install/robotic_arm_6dof/share/robotic_arm_6dof/package.ps1'
[15.023s] INFO:colcon.colcon_core.shell:Creating package descriptor '/home/moon/arm_ws/install/robotic_arm_6dof/share/robotic_arm_6dof/package.dsv'
[15.026s] INFO:colcon.colcon_core.shell:Creating package script '/home/moon/arm_ws/install/robotic_arm_6dof/share/robotic_arm_6dof/package.sh'
[15.028s] INFO:colcon.colcon_core.shell:Creating package script '/home/moon/arm_ws/install/robotic_arm_6dof/share/robotic_arm_6dof/package.bash'
[15.031s] INFO:colcon.colcon_core.shell:Creating package script '/home/moon/arm_ws/install/robotic_arm_6dof/share/robotic_arm_6dof/package.zsh'
[15.034s] Level 1:colcon.colcon_core.environment:create_file_with_runtime_dependencies(/home/moon/arm_ws/install/robotic_arm_6dof/share/colcon-core/packages/robotic_arm_6dof)
[15.037s] Level 1:colcon.colcon_core.environment:create_environment_scripts_only(robotic_arm_6dof)
[15.037s] Level 1:colcon.colcon_core.environment:checking '/home/moon/arm_ws/install/robotic_arm_6dof' for CMake module files
[15.039s] Level 1:colcon.colcon_core.environment:checking '/home/moon/arm_ws/install/robotic_arm_6dof' for CMake config files
[15.041s] Level 1:colcon.colcon_core.shell:create_environment_hook('robotic_arm_6dof', 'cmake_prefix_path')
[15.042s] INFO:colcon.colcon_core.shell:Creating environment hook '/home/moon/arm_ws/install/robotic_arm_6dof/share/robotic_arm_6dof/hook/cmake_prefix_path.ps1'
[15.044s] INFO:colcon.colcon_core.shell:Creating environment descriptor '/home/moon/arm_ws/install/robotic_arm_6dof/share/robotic_arm_6dof/hook/cmake_prefix_path.dsv'
[15.046s] INFO:colcon.colcon_core.shell:Creating environment hook '/home/moon/arm_ws/install/robotic_arm_6dof/share/robotic_arm_6dof/hook/cmake_prefix_path.sh'
[15.049s] Level 1:colcon.colcon_core.environment:checking '/home/moon/arm_ws/install/robotic_arm_6dof/bin'
[15.049s] Level 1:colcon.colcon_core.environment:checking '/home/moon/arm_ws/install/robotic_arm_6dof/lib/pkgconfig/robotic_arm_6dof.pc'
[15.050s] Level 1:colcon.colcon_core.environment:checking '/home/moon/arm_ws/install/robotic_arm_6dof/lib/python3.10/site-packages'
[15.051s] Level 1:colcon.colcon_core.environment:checking '/home/moon/arm_ws/install/robotic_arm_6dof/bin'
[15.052s] INFO:colcon.colcon_core.shell:Creating package script '/home/moon/arm_ws/install/robotic_arm_6dof/share/robotic_arm_6dof/package.ps1'
[15.055s] INFO:colcon.colcon_core.shell:Creating package descriptor '/home/moon/arm_ws/install/robotic_arm_6dof/share/robotic_arm_6dof/package.dsv'
[15.058s] INFO:colcon.colcon_core.shell:Creating package script '/home/moon/arm_ws/install/robotic_arm_6dof/share/robotic_arm_6dof/package.sh'
[15.061s] INFO:colcon.colcon_core.shell:Creating package script '/home/moon/arm_ws/install/robotic_arm_6dof/share/robotic_arm_6dof/package.bash'
[15.063s] INFO:colcon.colcon_core.shell:Creating package script '/home/moon/arm_ws/install/robotic_arm_6dof/share/robotic_arm_6dof/package.zsh'
[15.066s] Level 1:colcon.colcon_core.environment:create_file_with_runtime_dependencies(/home/moon/arm_ws/install/robotic_arm_6dof/share/colcon-core/packages/robotic_arm_6dof)
[15.068s] DEBUG:colcon.colcon_parallel_executor.executor.parallel:closing loop
[15.069s] DEBUG:colcon.colcon_parallel_executor.executor.parallel:loop closed
[15.069s] DEBUG:colcon.colcon_parallel_executor.executor.parallel:run_until_complete finished with '0'
[15.070s] DEBUG:colcon.colcon_core.event_reactor:joining thread
[15.117s] INFO:colcon.colcon_core.plugin_system:Skipping extension 'colcon_notification.desktop_notification.terminal_notifier': Not used on non-Darwin systems
[15.117s] INFO:colcon.colcon_core.plugin_system:Skipping extension 'colcon_notification.desktop_notification.win32': Not used on non-Windows systems
[15.117s] INFO:colcon.colcon_notification.desktop_notification:Sending desktop notification using 'notify2'
[15.448s] DEBUG:colcon.colcon_core.event_reactor:joined thread
[15.449s] INFO:colcon.colcon_core.shell:Creating prefix script '/home/moon/arm_ws/install/local_setup.ps1'
[15.455s] INFO:colcon.colcon_core.shell:Creating prefix util module '/home/moon/arm_ws/install/_local_setup_util_ps1.py'
[15.462s] INFO:colcon.colcon_core.shell:Creating prefix chain script '/home/moon/arm_ws/install/setup.ps1'
[15.470s] INFO:colcon.colcon_core.shell:Creating prefix script '/home/moon/arm_ws/install/local_setup.sh'
[15.475s] INFO:colcon.colcon_core.shell:Creating prefix util module '/home/moon/arm_ws/install/_local_setup_util_sh.py'
[15.477s] INFO:colcon.colcon_core.shell:Creating prefix chain script '/home/moon/arm_ws/install/setup.sh'
[15.481s] INFO:colcon.colcon_core.shell:Creating prefix script '/home/moon/arm_ws/install/local_setup.bash'
[15.484s] INFO:colcon.colcon_core.shell:Creating prefix chain script '/home/moon/arm_ws/install/setup.bash'
[15.489s] INFO:colcon.colcon_core.shell:Creating prefix script '/home/moon/arm_ws/install/local_setup.zsh'
[15.497s] INFO:colcon.colcon_core.shell:Creating prefix chain script '/home/moon/arm_ws/install/setup.zsh'
